<?xml version="1.0" encoding="UTF-8"?>
<testsuite name="TestSuite" time="30.23" tests="1" errors="0" skipped="0" failures="0">
  <properties>
    <property name="IQDIR16" value="C:\IQ-16_1"/>
    <property name="PROCESSOR_ARCHITECTURE" value="AMD64"/>
    <property name="DataConnectorLibPath" value="C:\Program Files\Teradata\Client\16.20\bin\;C:\Program Files (x86)\Teradata\Client\16.20\bin\"/>
    <property name="ProgramData" value="C:\ProgramData"/>
    <property name="java.home" value="C:\Program Files\Java\jdk-11"/>
    <property name="NODE_NAME" value="built-in"/>
    <property name="JENKINS_URL" value="http://localhost:8080/"/>
    <property name="ALLUSERSPROFILE" value="C:\ProgramData"/>
    <property name="PSModulePath" value="C:\Program Files\WindowsPowerShell\Modules;C:\Windows\system32\WindowsPowerShell\v1.0\Modules"/>
    <property name="USERDOMAIN" value="INFORMATICA"/>
    <property name="sun.os.patch.level" value=""/>
    <property name="java.vendor.url" value="https://openjdk.java.net/"/>
    <property name="BPPDOMAIN_MANAGER_TYPE" value="EdrDotNet.EdrAppDomainManager"/>
    <property name="CommonProgramFiles(x86)" value="C:\Program Files (x86)\Common Files"/>
    <property name="java.version" value="11.0.21"/>
    <property name="SYBASE_ASE" value="C:\Sybase\ASE-16_0"/>
    <property name="JOB_NAME" value="CucumberBDDProject"/>
    <property name="COMPUTERNAME" value="INVW19CON40"/>
    <property name="java.vendor.url.bug" value="https://bugreport.java.com/bugreport/"/>
    <property name="PUBLIC" value="C:\Users\Public"/>
    <property name="java.version.date" value="2023-10-17"/>
    <property name="jdk.debug" value="release"/>
    <property name="user.name" value="INVW19CON40$"/>
    <property name="sun.io.unicode.encoding" value="UnicodeLittle"/>
    <property name="sun.jnu.encoding" value="Cp1252"/>
    <property name="java.runtime.name" value="Java(TM) SE Runtime Environment"/>
    <property name="ESSBASEPATH" value="C:\Oracle\Middleware\EPMSystem11R1\products\Essbase\EssbaseClient"/>
    <property name="windir" value="C:\Windows"/>
    <property name="PROCESSOR_IDENTIFIER" value="Intel64 Family 6 Model 79 Stepping 1, GenuineIntel"/>
    <property name="java.specification.name" value="Java Platform API Specification"/>
    <property name="LOCALAPPDATA" value="C:\Windows\system32\config\systemprofile\AppData\Local"/>
    <property name="RUN_CHANGES_DISPLAY_URL" value="http://localhost:8080/job/CucumberBDDProject/1/display/redirect?page=changes"/>
    <property name="LIB" value="%LIB%;msh;msh;msh;msh"/>
    <property name="user.timezone" value="Asia/Calcutta"/>
    <property name="user.script" value=""/>
    <property name="path.separator" value=";"/>
    <property name="NUMBER_OF_PROCESSORS" value="4"/>
    <property name="BUILD_TAG" value="jenkins-CucumberBDDProject-1"/>
    <property name="PYTHONPATH" value="C:\Program Files (x86)\Greenplum\greenplum-loaders-5.18.0\bin\lib;"/>
    <property name="INFA_TRUSTSTORE_PASSWORD" value="S4MxlXZoZqFhIEcnRvnyEA=="/>
    <property name="file.encoding" value="Cp1252"/>
    <property name="SYBASE_OCS" value="C:\Sybase\OCS-16_0"/>
    <property name="sun.java.command" value="jenkins.maven3.agent.Maven35Main C:\ProgramData\Jenkins\.jenkins\tools\hudson.tasks.Maven_MavenInstallation\Maven3.9.6 C:\ProgramData\Jenkins\war\WEB-INF\lib\remoting-3206.vb_15dcf73f6a_9.jar C:\ProgramData\Jenkins\.jenkins\plugins\maven-plugin\WEB-INF\lib\maven35-interceptor-1.14.jar C:\ProgramData\Jenkins\.jenkins\plugins\maven-plugin\WEB-INF\lib\maven3-interceptor-commons-1.14.jar 49806"/>
    <property name="HUDSON_URL" value="http://localhost:8080/"/>
    <property name="JENKINS_SERVER_COOKIE" value="478727291ec5872c"/>
    <property name="EXECUTOR_NUMBER" value="0"/>
    <property name="Path" value="C:\Program Files\Java\jdk-11/bin;C:\Informatica\PRODX\Informatica\platform\home\java\jre\bin\server;C:\Informatica\PRODX\Informatica\platform\home\tools\odbcdrv;C:\Informatica\PRODX\Informatica\platform\home\tools\jdbcdrv;C:\Informatica\PRODX\Informatica\platform\home\tools\sharedlibs;C:\Informatica\PRODX\Informatica\platform\home\tools\datadirect;C:\Informatica\PRODX\Informatica\platform\home\java\jre\bin\server;C:\Informatica\PRODX\Informatica\platform\home\tools\odbcdrv;C:\Informatica\PRODX\Informatica\platform\home\tools\jdbcdrv;C:\Informatica\PRODX\Informatica\platform\home\tools\sharedlibs;C:\Informatica\PRODX\Informatica\platform\home\tools\datadirect;C:\Informatica\PRODX\Informatica\platform\home\java\jre\bin\server;C:\Informatica\PRODX\Informatica\platform\home\tools\odbcdrv;C:\Informatica\PRODX\Informatica\platform\home\tools\jdbcdrv;C:\Informatica\PRODX\Informatica\platform\home\tools\sharedlibs;C:\Informatica\PRODX\Informatica\platform\home\tools\datadirect;C:\Windows\System32;C:\Oracle\Middleware\EPMSystem11R1\bin;C:\Oracle\Middleware\EPMSystem11R1\products\Essbase\EssbaseClient\bin;%PWX_HOME%;%SYBASE%;%SYBASE_ACE%\bin;%SYBASE_OCS%\bin;C:\Program Files (x86)\Greenplum\greenplum-clients-5.18.0\bin;C:\Program Files (x86)\Greenplum\greenplum-loaders-5.18.0\bin;%PYTHONPATH%;C:\Program Files (x86)\Greenplum\greenplum-clients-5.18.0\lib;C:\Program Files (x86)\Greenplum\greenplum-loaders-5.18.0\lib;C:\Program Files\Progress\DataDirect\Connect64_for_ODBC_71\drivers;C:\Program Files\Progress\DataDirect\Connect64_for_ODBC_71\jre\bin;C:\Program Files\Progress\DataDirect\Connect64_for_ODBC_71\jre\bin\server;;C:\Program Files\IBM\SQLLIB\BIN;C:\Python25;%SYBASE_OCS%\dll;C:\Program Files\Teradata\Client\16.20\bin;E:\data\app\oracle\product\21.0.0\client_1\bin;;C:\Oracle\Middleware\EPMSystem11R1\bin;C:\Oracle\Middleware\EPMSystem11R1\products\Essbase\EssbaseClient\bin;E:\JDEW\source;C:\Sybase;%SYBASE_ACE%\bin;C:\Sybase\OCS-16_0\bin;C:\Program Files (x86)\Greenplum\greenplum-clients-5.18.0\bin;C:\Program Files (x86)\Greenplum\greenplum-loaders-5.18;C:\Program Files\Common Files\Oracle\Java\javapath;C:\Program Files\Zulu\zulu-8\bin\;C:\Program Files (x86)\Greenplum\greenplum-loaders-5.18.0\bin\lib;C:\Sybase\OCS-16_0\dll;C:\apache-maven-3.9.6-bin\apache-maven-3.9.6\bin;%C:\Program Files\Java\jdk1.8.0_261%\bin;C:\apache-maven-3.9.6-bin\apache-maven-3.9.6\\bin;C:\apache-maven-3.9.6-bin\apache-maven-3.9.6\;E:\MREL_NS_ORG\jdk\\bin;C:\Windows\system32\config\systemprofile\AppData\Local\Microsoft\WindowsApps"/>
    <property name="TPT_HOME" value="C:\Program Files\Teradata\Client\16.20"/>
    <property name="WINSW_SERVICE_ID" value="jenkins"/>
    <property name="SNOW_AGENT" value="C:\Program Files\Snow Software\Inventory\Agent\"/>
    <property name="GPHOME_LOADERS" value="C:\Program Files (x86)\Greenplum\greenplum-loaders-5.18.0"/>
    <property name="BASE" value="C:\Program Files\Jenkins"/>
    <property name="java.io.tmpdir" value="C:\Windows\TEMP\"/>
    <property name="APPDATA" value="C:\Windows\system32\config\systemprofile\AppData\Roaming"/>
    <property name="user.language" value="en"/>
    <property name="ESSLANG" value="English_UnitedStates.Latin1@Binary"/>
    <property name="DDCPATH" value="C:\Program Files\Progress\DataDirect\Connect64_for_ODBC_71\drivers;C:\Program Files\Progress\DataDirect\Connect64_for_ODBC_71\jre\bin;C:\Program Files\Progress\DataDirect\Connect64_for_ODBC_71\jre\bin\server;"/>
    <property name="DB2CLP" value="DB20FADE"/>
    <property name="line.separator" value="&#10;"/>
    <property name="BUILD_URL" value="http://localhost:8080/job/CucumberBDDProject/1/"/>
    <property name="M2_HOME" value="C:\ProgramData\Jenkins\.jenkins\tools\hudson.tasks.Maven_MavenInstallation\Maven3.9.6"/>
    <property name="java.vm.info" value="mixed mode"/>
    <property name="DriverData" value="C:\Windows\System32\Drivers\DriverData"/>
    <property name="sun.desktop" value="windows"/>
    <property name="java.vm.specification.name" value="Java Virtual Machine Specification"/>
    <property name="CI" value="true"/>
    <property name="BUILD_DISPLAY_NAME" value="#1"/>
    <property name="OS" value="Windows_NT"/>
    <property name="SYBROOT" value="C:\"/>
    <property name="guice.disable.misplaced.annotation.check" value="true"/>
    <property name="HUDSON_SERVER_COOKIE" value="478727291ec5872c"/>
    <property name="JRE_HOME" value="C:\Program Files\Java\jre1.8.0_261"/>
    <property name="WORKSPACE_TMP" value="C:\ProgramData\Jenkins\.jenkins\workspace\CucumberBDDProject@tmp"/>
    <property name="MAVEN_HOME" value="C:\ProgramData\Jenkins\.jenkins\tools\hudson.tasks.Maven_MavenInstallation\Maven3.9.6"/>
    <property name="PATHEXT" value=".COM;.EXE;.BAT;.CMD;.VBS;.VBE;.JS;.JSE;.WSF;.WSH;.MSC"/>
    <property name="java.awt.printerjob" value="sun.awt.windows.WPrinterJob"/>
    <property name="CLASSPATH" value=""/>
    <property name="maven3.interceptor.common" value="C:\ProgramData\Jenkins\.jenkins\plugins\maven-plugin\WEB-INF\lib\maven3-interceptor-commons-1.14.jar"/>
    <property name="jansi.mode" value="strip"/>
    <property name="TNS_ADMIN" value="E:\oratns"/>
    <property name="os.name" value="Windows Server 2016"/>
    <property name="java.specification.vendor" value="Oracle Corporation"/>
    <property name="BUILD_NUMBER" value="1"/>
    <property name="java.vm.name" value="Java HotSpot(TM) 64-Bit Server VM"/>
    <property name="maven3.interceptor" value="C:\ProgramData\Jenkins\.jenkins\plugins\maven-plugin\WEB-INF\lib\maven35-interceptor-1.14.jar"/>
    <property name="java.library.path" value="C:\Program Files\Java\jdk-11\bin;C:\Windows\Sun\Java\bin;C:\Windows\system32;C:\Windows;C:\ProgramData\Jenkins\.jenkins\tools\hudson.tasks.Maven_MavenInstallation\Maven3.9.6/bin;C:\Program Files\Java\jdk-11/bin;C:\Program Files\Java\jdk-11/bin;C:\Informatica\PRODX\Informatica\platform\home\java\jre\bin\server;C:\Informatica\PRODX\Informatica\platform\home\tools\odbcdrv;C:\Informatica\PRODX\Informatica\platform\home\tools\jdbcdrv;C:\Informatica\PRODX\Informatica\platform\home\tools\sharedlibs;C:\Informatica\PRODX\Informatica\platform\home\tools\datadirect;C:\Informatica\PRODX\Informatica\platform\home\java\jre\bin\server;C:\Informatica\PRODX\Informatica\platform\home\tools\odbcdrv;C:\Informatica\PRODX\Informatica\platform\home\tools\jdbcdrv;C:\Informatica\PRODX\Informatica\platform\home\tools\sharedlibs;C:\Informatica\PRODX\Informatica\platform\home\tools\datadirect;C:\Informatica\PRODX\Informatica\platform\home\java\jre\bin\server;C:\Informatica\PRODX\Informatica\platform\home\tools\odbcdrv;C:\Informatica\PRODX\Informatica\platform\home\tools\jdbcdrv;C:\Informatica\PRODX\Informatica\platform\home\tools\sharedlibs;C:\Informatica\PRODX\Informatica\platform\home\tools\datadirect;C:\Windows\System32;C:\Oracle\Middleware\EPMSystem11R1\bin;C:\Oracle\Middleware\EPMSystem11R1\products\Essbase\EssbaseClient\bin;%PWX_HOME%;%SYBASE%;%SYBASE_ACE%\bin;%SYBASE_OCS%\bin;C:\Program Files (x86)\Greenplum\greenplum-clients-5.18.0\bin;C:\Program Files (x86)\Greenplum\greenplum-loaders-5.18.0\bin;%PYTHONPATH%;C:\Program Files (x86)\Greenplum\greenplum-clients-5.18.0\lib;C:\Program Files (x86)\Greenplum\greenplum-loaders-5.18.0\lib;C:\Program Files\Progress\DataDirect\Connect64_for_ODBC_71\drivers;C:\Program Files\Progress\DataDirect\Connect64_for_ODBC_71\jre\bin;C:\Program Files\Progress\DataDirect\Connect64_for_ODBC_71\jre\bin\server;;C:\Program Files\IBM\SQLLIB\BIN;C:\Python25;%SYBASE_OCS%\dll;C:\Program Files\Teradata\Client\16.20\bin;E:\data\app\oracle\product\21.0.0\client_1\bin;;C:\Oracle\Middleware\EPMSystem11R1\bin;C:\Oracle\Middleware\EPMSystem11R1\products\Essbase\EssbaseClient\bin;E:\JDEW\source;C:\Sybase;%SYBASE_ACE%\bin;C:\Sybase\OCS-16_0\bin;C:\Program Files (x86)\Greenplum\greenplum-clients-5.18.0\bin;C:\Program Files (x86)\Greenplum\greenplum-loaders-5.18;C:\Program Files\Common Files\Oracle\Java\javapath;C:\Program Files\Zulu\zulu-8\bin\;C:\Program Files (x86)\Greenplum\greenplum-loaders-5.18.0\bin\lib;C:\Sybase\OCS-16_0\dll;C:\apache-maven-3.9.6-bin\apache-maven-3.9.6\bin;%C:\Program Files\Java\jdk1.8.0_261%\bin;C:\apache-maven-3.9.6-bin\apache-maven-3.9.6\\bin;C:\apache-maven-3.9.6-bin\apache-maven-3.9.6\;E:\MREL_NS_ORG\jdk\\bin;C:\Windows\system32\config\systemprofile\AppData\Local\Microsoft\WindowsApps;."/>
    <property name="WINSW_EXECUTABLE" value="C:\Program Files\Jenkins\jenkins.exe"/>
    <property name="java.class.version" value="55.0"/>
    <property name="EPM_ORACLE_HOME" value="C:\Oracle\Middleware\EPMSystem11R1"/>
    <property name="JOB_URL" value="http://localhost:8080/job/CucumberBDDProject/"/>
    <property name="SYBASE" value="C:\Sybase"/>
    <property name="RUN_DISPLAY_URL" value="http://localhost:8080/job/CucumberBDDProject/1/display/redirect"/>
    <property name="JENKINS_HOME" value="C:\ProgramData\Jenkins\.jenkins"/>
    <property name="TEMP" value="C:\Windows\TEMP"/>
    <property name="BUILD_ID" value="1"/>
    <property name="sun.boot.library.path" value="C:\Program Files\Java\jdk-11\bin"/>
    <property name="sun.management.compiler" value="HotSpot 64-Bit Tiered Compilers"/>
    <property name="BPPDOMAIN_MANAGER_ASM" value="EdrDotNet, Version+117.0.0.0, Culture+neutral, PublicKeyToken+da1b3922653ea916"/>
    <property name="java.awt.graphicsenv" value="sun.awt.Win32GraphicsEnvironment"/>
    <property name="user.variant" value=""/>
    <property name="PROCESSOR_REVISION" value="4f01"/>
    <property name="HUDSON_HOME" value="C:\ProgramData\Jenkins\.jenkins"/>
    <property name="ProgramFiles(x86)" value="C:\Program Files (x86)"/>
    <property name="PATH+MAVEN" value="C:\ProgramData\Jenkins\.jenkins\tools\hudson.tasks.Maven_MavenInstallation\Maven3.9.6/bin"/>
    <property name="RUN_ARTIFACTS_DISPLAY_URL" value="http://localhost:8080/job/CucumberBDDProject/1/display/redirect?page=artifacts"/>
    <property name="java.vm.specification.version" value="11"/>
    <property name="JAVA_HOME" value="C:\Program Files\Java\jdk-11"/>
    <property name="INFA_TRUSTSTORE" value="C:\custom"/>
    <property name="awt.toolkit" value="sun.awt.windows.WToolkit"/>
    <property name="NODE_LABELS" value="built-in"/>
    <property name="sun.cpu.isalist" value="amd64"/>
    <property name="USERPROFILE" value="C:\Windows\system32\config\systemprofile"/>
    <property name="java.vm.compressedOopsMode" value="Zero based"/>
    <property name="JOB_DISPLAY_URL" value="http://localhost:8080/job/CucumberBDDProject/display/redirect"/>
    <property name="os.version" value="10.0"/>
    <property name="user.home" value="C:\Windows\system32\config\systemprofile"/>
    <property name="USERNAME" value="INVW19CON40$"/>
    <property name="SAP_JRE8_64" value="C:\\Shared\SAPJRE-8_1_070_64BIT"/>
    <property name="java.vm.vendor" value="Oracle Corporation"/>
    <property name="PROCESSOR_LEVEL" value="6"/>
    <property name="CommonProgramW6432" value="C:\Program Files\Common Files"/>
    <property name="user.dir" value="C:\Users\adpqa\eclipse-workspace\CucumberFramework\CucumberPageObjects"/>
    <property name="maven.conf" value="C:\ProgramData\Jenkins\.jenkins\tools\hudson.tasks.Maven_MavenInstallation\Maven3.9.6\conf"/>
    <property name="ProgramW6432" value="C:\Program Files"/>
    <property name="TMP" value="C:\Windows\TEMP"/>
    <property name="DB2INSTANCE" value="DB2_01"/>
    <property name="sun.cpu.endian" value="little"/>
    <property name="SystemDrive" value="C:"/>
    <property name="java.vm.version" value="11.0.21+9-LTS-193"/>
    <property name="ORACLE_HOME" value="E:\data\app\oracle\product\21.0.0\client_1"/>
    <property name="java.class.path" value="C:\ProgramData\Jenkins\.jenkins\plugins\maven-plugin\WEB-INF\lib\maven35-agent-1.14.jar;C:\ProgramData\Jenkins\.jenkins\tools\hudson.tasks.Maven_MavenInstallation\Maven3.9.6\boot\plexus-classworlds-2.7.0.jar;C:\ProgramData\Jenkins\.jenkins\tools\hudson.tasks.Maven_MavenInstallation\Maven3.9.6/conf/logging"/>
    <property name="org.slf4j.simpleLogger.defaultLogLevel" value="info"/>
    <property name="TD_HOME" value="C:\Program Files\Teradata\Client\16.20"/>
    <property name="JAVA_TOOL_OPTIONS" value="&quot;-Dos.name=Windows Server 2016&quot;"/>
    <property name="os.arch" value="amd64"/>
    <property name="WORKSPACE" value="C:\ProgramData\Jenkins\.jenkins\workspace\CucumberBDDProject"/>
    <property name="ComSpec" value="C:\Windows\system32\cmd.exe"/>
    <property name="RUN_TESTS_DISPLAY_URL" value="http://localhost:8080/job/CucumberBDDProject/1/display/redirect?page=tests"/>
    <property name="sun.java.launcher" value="SUN_STANDARD"/>
    <property name="SERVICE_ID" value="jenkins"/>
    <property name="java.specification.maintenance.version" value="2"/>
    <property name="SystemRoot" value="C:\Windows"/>
    <property name="SAP_JRE8" value="C:\\Shared\SAPJRE-8_1_070_64BIT"/>
    <property name="CommonProgramFiles" value="C:\Program Files\Common Files"/>
    <property name="java.vm.specification.vendor" value="Oracle Corporation"/>
    <property name="file.separator" value="\"/>
    <property name="java.runtime.version" value="11.0.21+9-LTS-193"/>
    <property name="ProgramFiles" value="C:\Program Files"/>
    <property name="PATH+JDK" value="C:\Program Files\Java\jdk-11/bin"/>
    <property name="PWX_HOME" value="E:\JDEW\source"/>
    <property name="user.country" value="US"/>
    <property name="maven.home" value="C:\ProgramData\Jenkins\.jenkins\tools\hudson.tasks.Maven_MavenInstallation\Maven3.9.6"/>
    <property name="JOB_BASE_NAME" value="CucumberBDDProject"/>
    <property name="java.vendor.version" value="18.9"/>
    <property name="java.vendor" value="Oracle Corporation"/>
    <property name="GPHOME_CLIENTS" value="C:\Program Files (x86)\Greenplum\greenplum-clients-5.18.0\"/>
    <property name="java.specification.version" value="11"/>
    <property name="SAP_JRE8_32" value="C:\\Shared\SAPJRE-8_1_070_32BIT"/>
    <property name="sun.arch.data.model" value="64"/>
  </properties>
  <testcase name="runScenario" classname="runner.RunCuke" time="30.23"/>
</testsuite>