<?xml version="1.0" encoding="UTF-8"?>
<!-- Generated by org.testng.reporters.JUnitReportReporter -->
<testsuite hostname="INVW19CON40" failures="0" tests="2" name="runner.RunCuke" time="37.780" errors="0" timestamp="2024-03-28T12:54:44 IST" skipped="0">
  <testcase classname="runner.RunCuke" name="runScenario" time="12.386"/>
  <system-out/>
  <testcase classname="runner.RunCuke" name="runScenario" time="25.394"/>
  <system-out/>
</testsuite> <!-- runner.RunCuke -->
