<?xml version="1.0" encoding="UTF-8"?>
<!-- Generated by org.testng.reporters.JUnitReportReporter -->
<testsuite hostname="INVW19CON40" failures="0" tests="1" name="runner.RunCuke" time="30.227" errors="0" timestamp="2024-03-25T10:54:22 IST" skipped="0">
  <testcase classname="runner.RunCuke" name="runScenario" time="30.227"/>
  <system-out/>
</testsuite> <!-- runner.RunCuke -->
